Cluster 1: ( -0.04, 0.00, 0.05, 0.03, 0.03, 0.01, 0.04, -0.03, 0.01, -0.02, -0.00, -0.07, -0.06, -0.13, -0.05, -0.09, -0.07, -0.12, 0.06, 0.04, -0.02, -0.01, -0.05, -0.05, -0.02, 0.08, 0.09, 0.06, 0.02, 0.12, 0.09, 0.07, -0.12, -0.12, -0.11, 0.00, 0.01, 0.03, 0.05, 0.09, 0.06, -0.00, 0.07, 0.06, 0.08, 0.10, 0.10, -0.06, 0.06, 0.04, 0.02, -0.05, -0.09, 0.05, -0.10, -0.12, 0.02, 0.01, -0.03, 0.05, 0.04, -0.00, -0.03, -0.04, -0.00, -0.07, 0.05, 0.02, -0.05, 0.01, -0.04, -0.04, 0.04, 0.05, 0.09, 0.05, 0.08, 0.11, 0.08 )
x50
x47
x46
x45
x44
x43
x42
x41
x49
x48
x29
x28
x20
x22
x9
x2
x3
x0
x7
x4
x5
x32
x33
x30
x31
x36
x37
x34
x35
x51
x10
x11
x13
x14
x15
x16
x17

Cluster 0: ( 0.03, -0.11, -0.08, -0.06, -0.01, -0.05, -0.00, -0.03, 0.04, -0.04, 0.04, -0.10, 0.05, -0.07, 0.12, -0.06, 0.07, -0.03, -0.13, -0.10, 0.05, 0.14, 0.17, 0.13, 0.09, 0.12, 0.06, 0.06, 0.01, -0.02, -0.08, -0.09, -0.04, -0.01, -0.01, 0.02, 0.01, 0.05, 0.04, 0.07, 0.03, -0.06, -0.00, -0.01, -0.00, -0.05, 0.02, -0.08, -0.20, -0.20, -0.22, -0.17, -0.09, 0.04, -0.11, 0.11, -0.23, -0.21, -0.15, -0.19, -0.22, -0.22, -0.22, -0.17, 0.10, -0.00, -0.17, -0.22, -0.04, -0.10, -0.16, -0.22, 0.09, -0.05, 0.08, -0.09, -0.06, -0.14, -0.16 )
x40
x25
x24
x27
x26
x21
x23
x8
x1
x6
x38
x39
x18
x19
x12

